Determining if the pthread_create exist failed with the following output:
Change Dir: /home/cc/ee106a/fa18/class/ee106a-acv/ros_workspaces/lab3_baxter2/build/CMakeFiles/CMakeTmp

Run Build Command:/usr/bin/make "cmTryCompileExec2484771117/fast"
/usr/bin/make -f CMakeFiles/cmTryCompileExec2484771117.dir/build.make CMakeFiles/cmTryCompileExec2484771117.dir/build
make[1]: Entering directory `/home/cc/ee106a/fa18/class/ee106a-acv/ros_workspaces/lab3_baxter2/build/CMakeFiles/CMakeTmp'
/usr/bin/cmake -E cmake_progress_report /home/cc/ee106a/fa18/class/ee106a-acv/ros_workspaces/lab3_baxter2/build/CMakeFiles/CMakeTmp/CMakeFiles 1
Building C object CMakeFiles/cmTryCompileExec2484771117.dir/CheckSymbolExists.c.o
/usr/bin/cc    -o CMakeFiles/cmTryCompileExec2484771117.dir/CheckSymbolExists.c.o   -c /home/cc/ee106a/fa18/class/ee106a-acv/ros_workspaces/lab3_baxter2/build/CMakeFiles/CMakeTmp/CheckSymbolExists.c
Linking C executable cmTryCompileExec2484771117
/usr/bin/cmake -E cmake_link_script CMakeFiles/cmTryCompileExec2484771117.dir/link.txt --verbose=1
/usr/bin/cc       CMakeFiles/cmTryCompileExec2484771117.dir/CheckSymbolExists.c.o  -o cmTryCompileExec2484771117 -rdynamic 
CMakeFiles/cmTryCompileExec2484771117.dir/CheckSymbolExists.c.o: In function `main':
CheckSymbolExists.c:(.text+0x16): undefined reference to `pthread_create'
collect2: error: ld returned 1 exit status
make[1]: *** [cmTryCompileExec2484771117] Error 1
make[1]: Leaving directory `/home/cc/ee106a/fa18/class/ee106a-acv/ros_workspaces/lab3_baxter2/build/CMakeFiles/CMakeTmp'
make: *** [cmTryCompileExec2484771117/fast] Error 2

File /home/cc/ee106a/fa18/class/ee106a-acv/ros_workspaces/lab3_baxter2/build/CMakeFiles/CMakeTmp/CheckSymbolExists.c:
/* */
#include <pthread.h>

int main(int argc, char** argv)
{
  (void)argv;
#ifndef pthread_create
  return ((int*)(&pthread_create))[argc];
#else
  (void)argc;
  return 0;
#endif
}

Determining if the function pthread_create exists in the pthreads failed with the following output:
Change Dir: /home/cc/ee106a/fa18/class/ee106a-acv/ros_workspaces/lab3_baxter2/build/CMakeFiles/CMakeTmp

Run Build Command:/usr/bin/make "cmTryCompileExec1418666850/fast"
/usr/bin/make -f CMakeFiles/cmTryCompileExec1418666850.dir/build.make CMakeFiles/cmTryCompileExec1418666850.dir/build
make[1]: Entering directory `/home/cc/ee106a/fa18/class/ee106a-acv/ros_workspaces/lab3_baxter2/build/CMakeFiles/CMakeTmp'
/usr/bin/cmake -E cmake_progress_report /home/cc/ee106a/fa18/class/ee106a-acv/ros_workspaces/lab3_baxter2/build/CMakeFiles/CMakeTmp/CMakeFiles 1
Building C object CMakeFiles/cmTryCompileExec1418666850.dir/CheckFunctionExists.c.o
/usr/bin/cc   -DCHECK_FUNCTION_EXISTS=pthread_create   -o CMakeFiles/cmTryCompileExec1418666850.dir/CheckFunctionExists.c.o   -c /usr/share/cmake-2.8/Modules/CheckFunctionExists.c
Linking C executable cmTryCompileExec1418666850
/usr/bin/cmake -E cmake_link_script CMakeFiles/cmTryCompileExec1418666850.dir/link.txt --verbose=1
/usr/bin/cc   -DCHECK_FUNCTION_EXISTS=pthread_create    CMakeFiles/cmTryCompileExec1418666850.dir/CheckFunctionExists.c.o  -o cmTryCompileExec1418666850 -rdynamic -lpthreads 
/usr/bin/ld: cannot find -lpthreads
collect2: error: ld returned 1 exit status
make[1]: *** [cmTryCompileExec1418666850] Error 1
make[1]: Leaving directory `/home/cc/ee106a/fa18/class/ee106a-acv/ros_workspaces/lab3_baxter2/build/CMakeFiles/CMakeTmp'
make: *** [cmTryCompileExec1418666850/fast] Error 2


